2024-06-27T09:22:23.994-05:00  INFO 12960 --- [employee] [main] c.example.employee.EmployeeApplication   : Starting EmployeeApplication using Java 21.0.1 with PID 12960 (C:\Users\Praba\Downloads\employee\employee\target\classes started by Praba in C:\Users\Praba\Downloads\employee\employee)
2024-06-27T09:22:24.015-05:00  INFO 12960 --- [employee] [main] c.example.employee.EmployeeApplication   : No active profile set, falling back to 1 default profile: "default"
2024-06-27T09:22:25.224-05:00  INFO 12960 --- [employee] [main] .s.d.r.c.RepositoryConfigurationDelegate : Bootstrapping Spring Data JPA repositories in DEFAULT mode.
2024-06-27T09:22:25.337-05:00  INFO 12960 --- [employee] [main] .s.d.r.c.RepositoryConfigurationDelegate : Finished Spring Data repository scanning in 96 ms. Found 1 JPA repository interface.
2024-06-27T09:22:26.297-05:00  INFO 12960 --- [employee] [main] o.s.b.w.embedded.tomcat.TomcatWebServer  : Tomcat initialized with port 8080 (http)
2024-06-27T09:22:26.314-05:00  INFO 12960 --- [employee] [main] o.apache.catalina.core.StandardService   : Starting service [Tomcat]
2024-06-27T09:22:26.314-05:00  INFO 12960 --- [employee] [main] o.apache.catalina.core.StandardEngine    : Starting Servlet engine: [Apache Tomcat/10.1.25]
2024-06-27T09:22:26.387-05:00  INFO 12960 --- [employee] [main] o.a.c.c.C.[Tomcat].[localhost].[/api]    : Initializing Spring embedded WebApplicationContext
2024-06-27T09:22:26.388-05:00  INFO 12960 --- [employee] [main] w.s.c.ServletWebServerApplicationContext : Root WebApplicationContext: initialization completed in 2260 ms
2024-06-27T09:22:26.440-05:00  INFO 12960 --- [employee] [main] com.zaxxer.hikari.HikariDataSource       : HikariPool-1 - Starting...
2024-06-27T09:22:26.818-05:00  INFO 12960 --- [employee] [main] com.zaxxer.hikari.pool.HikariPool        : HikariPool-1 - Added connection conn0: url=jdbc:h2:mem:testdb user=SA
2024-06-27T09:22:26.820-05:00  INFO 12960 --- [employee] [main] com.zaxxer.hikari.HikariDataSource       : HikariPool-1 - Start completed.
2024-06-27T09:22:26.834-05:00  INFO 12960 --- [employee] [main] o.s.b.a.h2.H2ConsoleAutoConfiguration    : H2 console available at '/h2-console'. Database available at 'jdbc:h2:mem:testdb'
2024-06-27T09:22:27.193-05:00  INFO 12960 --- [employee] [main] o.hibernate.jpa.internal.util.LogHelper  : HHH000204: Processing PersistenceUnitInfo [name: default]
2024-06-27T09:22:27.323-05:00  INFO 12960 --- [employee] [main] org.hibernate.Version                    : HHH000412: Hibernate ORM core version 6.4.9.Final
2024-06-27T09:22:27.386-05:00  INFO 12960 --- [employee] [main] o.h.c.internal.RegionFactoryInitiator    : HHH000026: Second-level cache disabled
2024-06-27T09:22:27.816-05:00  INFO 12960 --- [employee] [main] o.s.o.j.p.SpringPersistenceUnitInfo      : No LoadTimeWeaver setup: ignoring JPA class transformer
2024-06-27T09:22:27.902-05:00  WARN 12960 --- [employee] [main] org.hibernate.orm.deprecation            : HHH90000025: H2Dialect does not need to be specified explicitly using 'hibernate.dialect' (remove the property setting and it will be selected by default)
2024-06-27T09:22:29.004-05:00  INFO 12960 --- [employee] [main] o.h.e.t.j.p.i.JtaPlatformInitiator       : HHH000489: No JTA platform available (set 'hibernate.transaction.jta.platform' to enable JTA platform integration)
2024-06-27T09:22:29.103-05:00  INFO 12960 --- [employee] [main] j.LocalContainerEntityManagerFactoryBean : Initialized JPA EntityManagerFactory for persistence unit 'default'
2024-06-27T09:22:29.723-05:00  INFO 12960 --- [employee] [main] o.s.d.j.r.query.QueryEnhancerFactory     : Hibernate is in classpath; If applicable, HQL parser will be used.
2024-06-27T09:22:30.384-05:00  WARN 12960 --- [employee] [main] JpaBaseConfiguration$JpaWebConfiguration : spring.jpa.open-in-view is enabled by default. Therefore, database queries may be performed during view rendering. Explicitly configure spring.jpa.open-in-view to disable this warning
2024-06-27T09:22:30.562-05:00 DEBUG 12960 --- [employee] [main] s.w.s.m.m.a.RequestMappingHandlerMapping : 9 mappings in 'requestMappingHandlerMapping'
2024-06-27T09:22:30.737-05:00 DEBUG 12960 --- [employee] [main] o.s.w.s.handler.SimpleUrlHandlerMapping  : Patterns [/webjars/**, /**] in 'resourceHandlerMapping'
2024-06-27T09:22:30.807-05:00 DEBUG 12960 --- [employee] [main] s.w.s.m.m.a.RequestMappingHandlerAdapter : ControllerAdvice beans: 0 @ModelAttribute, 0 @InitBinder, 1 RequestBodyAdvice, 1 ResponseBodyAdvice
2024-06-27T09:22:30.884-05:00 DEBUG 12960 --- [employee] [main] .m.m.a.ExceptionHandlerExceptionResolver : ControllerAdvice beans: 1 @ExceptionHandler, 1 ResponseBodyAdvice
2024-06-27T09:22:31.112-05:00  INFO 12960 --- [employee] [main] o.s.b.w.embedded.tomcat.TomcatWebServer  : Tomcat started on port 8080 (http) with context path '/api'
2024-06-27T09:22:31.122-05:00  INFO 12960 --- [employee] [main] c.example.employee.EmployeeApplication   : Started EmployeeApplication in 7.974 seconds (process running for 8.726)
2024-06-27T09:22:49.594-05:00  INFO 12960 --- [employee] [http-nio-8080-exec-1] o.a.c.c.C.[Tomcat].[localhost].[/api]    : Initializing Spring DispatcherServlet 'dispatcherServlet'
2024-06-27T09:22:49.594-05:00  INFO 12960 --- [employee] [http-nio-8080-exec-1] o.s.web.servlet.DispatcherServlet        : Initializing Servlet 'dispatcherServlet'
2024-06-27T09:22:49.596-05:00 DEBUG 12960 --- [employee] [http-nio-8080-exec-1] o.s.web.servlet.DispatcherServlet        : Detected StandardServletMultipartResolver
2024-06-27T09:22:49.596-05:00 DEBUG 12960 --- [employee] [http-nio-8080-exec-1] o.s.web.servlet.DispatcherServlet        : Detected AcceptHeaderLocaleResolver
2024-06-27T09:22:49.597-05:00 DEBUG 12960 --- [employee] [http-nio-8080-exec-1] o.s.web.servlet.DispatcherServlet        : Detected FixedThemeResolver
2024-06-27T09:22:49.600-05:00 DEBUG 12960 --- [employee] [http-nio-8080-exec-1] o.s.web.servlet.DispatcherServlet        : Detected org.springframework.web.servlet.view.DefaultRequestToViewNameTranslator@20331c8e
2024-06-27T09:22:49.601-05:00 DEBUG 12960 --- [employee] [http-nio-8080-exec-1] o.s.web.servlet.DispatcherServlet        : Detected org.springframework.web.servlet.support.SessionFlashMapManager@39d37da8
2024-06-27T09:22:49.602-05:00 DEBUG 12960 --- [employee] [http-nio-8080-exec-1] o.s.web.servlet.DispatcherServlet        : enableLoggingRequestDetails='false': request parameters and headers will be masked to prevent unsafe logging of potentially sensitive data
2024-06-27T09:22:49.602-05:00  INFO 12960 --- [employee] [http-nio-8080-exec-1] o.s.web.servlet.DispatcherServlet        : Completed initialization in 8 ms
2024-06-27T09:22:49.631-05:00 DEBUG 12960 --- [employee] [http-nio-8080-exec-1] o.s.web.servlet.DispatcherServlet        : POST "/api/employee/createemployee", parameters={}
2024-06-27T09:22:49.662-05:00 DEBUG 12960 --- [employee] [http-nio-8080-exec-1] s.w.s.m.m.a.RequestMappingHandlerMapping : Mapped to com.example.employee.controller.Controller#createEmployee(Employee)
2024-06-27T09:22:49.910-05:00 DEBUG 12960 --- [employee] [http-nio-8080-exec-1] m.m.a.RequestResponseBodyMethodProcessor : Read "application/json;charset=UTF-8" to [com.example.employee.model.Employee@57f675d1]
2024-06-27T09:22:50.275-05:00 DEBUG 12960 --- [employee] [http-nio-8080-exec-1] o.s.w.s.m.m.a.HttpEntityMethodProcessor  : Using 'application/json', given [*/*] and supported [application/json, application/*+json]
2024-06-27T09:22:50.279-05:00 DEBUG 12960 --- [employee] [http-nio-8080-exec-1] o.s.w.s.m.m.a.HttpEntityMethodProcessor  : Writing [com.example.employee.model.ResponseDto@1fe81bcd]
2024-06-27T09:22:50.318-05:00 DEBUG 12960 --- [employee] [http-nio-8080-exec-1] o.s.web.servlet.DispatcherServlet        : Completed 200 OK
2024-06-27T09:23:12.756-05:00 DEBUG 12960 --- [employee] [http-nio-8080-exec-3] o.s.web.servlet.DispatcherServlet        : POST "/api/employee/createemployee", parameters={}
2024-06-27T09:23:12.757-05:00 DEBUG 12960 --- [employee] [http-nio-8080-exec-3] s.w.s.m.m.a.RequestMappingHandlerMapping : Mapped to com.example.employee.controller.Controller#createEmployee(Employee)
2024-06-27T09:23:12.759-05:00 DEBUG 12960 --- [employee] [http-nio-8080-exec-3] m.m.a.RequestResponseBodyMethodProcessor : Read "application/json;charset=UTF-8" to [com.example.employee.model.Employee@3a125534]
2024-06-27T09:23:12.774-05:00 DEBUG 12960 --- [employee] [http-nio-8080-exec-3] .m.m.a.ExceptionHandlerExceptionResolver : Using @ExceptionHandler com.example.employee.exception.HandleException#handleException()
2024-06-27T09:23:12.779-05:00 DEBUG 12960 --- [employee] [http-nio-8080-exec-3] .m.m.a.ExceptionHandlerExceptionResolver : Resolved [org.springframework.web.bind.MethodArgumentNotValidException: Validation failed for argument [0] in public org.springframework.http.ResponseEntity<com.example.employee.model.ResponseDto> com.example.employee.controller.Controller.createEmployee(com.example.employee.model.Employee) with 2 errors: [Field error in object 'employee' on field 'address': rejected value []; codes [NotEmpty.employee.address,NotEmpty.address,NotEmpty.java.lang.String,NotEmpty]; arguments [org.springframework.context.support.DefaultMessageSourceResolvable: codes [employee.address,address]; arguments []; default message [address]]; default message [Address should not be empty]] [Field error in object 'employee' on field 'name': rejected value []; codes [NotEmpty.employee.name,NotEmpty.name,NotEmpty.java.lang.String,NotEmpty]; arguments [org.springframework.context.support.DefaultMessageSourceResolvable: codes [employee.name,name]; arguments []; default message [name]]; default message [Name should not be empty]] ]
2024-06-27T09:23:12.780-05:00 DEBUG 12960 --- [employee] [http-nio-8080-exec-3] o.s.web.servlet.DispatcherServlet        : Completed 200 OK
2024-06-27T09:23:25.947-05:00 DEBUG 12960 --- [employee] [http-nio-8080-exec-4] o.s.web.servlet.DispatcherServlet        : POST "/api/employee/createemployee", parameters={}
2024-06-27T09:23:25.949-05:00 DEBUG 12960 --- [employee] [http-nio-8080-exec-4] s.w.s.m.m.a.RequestMappingHandlerMapping : Mapped to com.example.employee.controller.Controller#createEmployee(Employee)
2024-06-27T09:23:25.950-05:00 DEBUG 12960 --- [employee] [http-nio-8080-exec-4] m.m.a.RequestResponseBodyMethodProcessor : Read "application/json;charset=UTF-8" to [com.example.employee.model.Employee@2cbe6b44]
2024-06-27T09:23:25.950-05:00 DEBUG 12960 --- [employee] [http-nio-8080-exec-4] .m.m.a.ExceptionHandlerExceptionResolver : Using @ExceptionHandler com.example.employee.exception.HandleException#handleException()
2024-06-27T09:23:25.951-05:00 DEBUG 12960 --- [employee] [http-nio-8080-exec-4] .m.m.a.ExceptionHandlerExceptionResolver : Resolved [org.springframework.web.bind.MethodArgumentNotValidException: Validation failed for argument [0] in public org.springframework.http.ResponseEntity<com.example.employee.model.ResponseDto> com.example.employee.controller.Controller.createEmployee(com.example.employee.model.Employee) with 2 errors: [Field error in object 'employee' on field 'name': rejected value [null]; codes [NotEmpty.employee.name,NotEmpty.name,NotEmpty.java.lang.String,NotEmpty]; arguments [org.springframework.context.support.DefaultMessageSourceResolvable: codes [employee.name,name]; arguments []; default message [name]]; default message [Name should not be empty]] [Field error in object 'employee' on field 'address': rejected value [null]; codes [NotEmpty.employee.address,NotEmpty.address,NotEmpty.java.lang.String,NotEmpty]; arguments [org.springframework.context.support.DefaultMessageSourceResolvable: codes [employee.address,address]; arguments []; default message [address]]; default message [Address should not be empty]] ]
2024-06-27T09:23:25.951-05:00 DEBUG 12960 --- [employee] [http-nio-8080-exec-4] o.s.web.servlet.DispatcherServlet        : Completed 200 OK
